Using pre-set license
Built from '2020.3/staging' branch; Version is '2020.3.16f1 (049d6eca3c44) revision 302446'; Using compiler version '192528614'; Build Type 'Release'
OS: 'Windows 10 Home; OS build 22000.168; Version 2009; 64bit' Language: 'en' Physical Memory: 11712 MB
BatchMode: 1, IsHumanControllingUs: 0, StartBugReporterOnCrash: 0, Is64bit: 1, IsPro: 0

 COMMAND LINE ARGUMENTS:
C:\Program Files\Unity\Hub\Editor\2020.3.16f1\Editor\Unity.exe
-adb2
-batchMode
-noUpm
-name
AssetImportWorker0
-projectPath
F:/Bintang/Brawijaya/Agate/Course Project/Endless_Runner
-logFile
Logs/AssetImportWorker0.log
-srvPort
49992
Successfully changed project path to: F:/Bintang/Brawijaya/Agate/Course Project/Endless_Runner
F:/Bintang/Brawijaya/Agate/Course Project/Endless_Runner
Using Asset Import Pipeline V2.
Refreshing native plugins compatible for Editor in 67.39 ms, found 3 plugins.
Preloading 0 native plugins for Editor in 0.00 ms.
Initialize engine version: 2020.3.16f1 (049d6eca3c44)
[Subsystems] Discovering subsystems at path C:/Program Files/Unity/Hub/Editor/2020.3.16f1/Editor/Data/Resources/UnitySubsystems
[Subsystems] Discovering subsystems at path F:/Bintang/Brawijaya/Agate/Course Project/Endless_Runner/Assets
GfxDevice: creating device client; threaded=0
Direct3D:
    Version:  Direct3D 11.0 [level 11.1]
    Renderer: NVIDIA GeForce GTX 1650 (ID=0x1f91)
    Vendor:   
    VRAM:     3962 MB
    Driver:   30.0.14.7168
Initialize mono
Mono path[0] = 'C:/Program Files/Unity/Hub/Editor/2020.3.16f1/Editor/Data/Managed'
Mono path[1] = 'C:/Program Files/Unity/Hub/Editor/2020.3.16f1/Editor/Data/MonoBleedingEdge/lib/mono/unityjit'
Mono config path = 'C:/Program Files/Unity/Hub/Editor/2020.3.16f1/Editor/Data/MonoBleedingEdge/etc'
Using monoOptions --debugger-agent=transport=dt_socket,embedding=1,server=y,suspend=n,address=127.0.0.1:56848
Begin MonoManager ReloadAssembly
Registering precompiled unity dll's ...
Register platform support module: C:/Program Files/Unity/Hub/Editor/2020.3.16f1/Editor/Data/PlaybackEngines/WindowsStandaloneSupport/UnityEditor.WindowsStandalone.Extensions.dll
Registered in 0.002972 seconds.
Native extension for WindowsStandalone target not found
Refreshing native plugins compatible for Editor in 50.42 ms, found 3 plugins.
Preloading 0 native plugins for Editor in 0.00 ms.
Mono: successfully reloaded assembly
- Completed reload, in  2.854 seconds
Domain Reload Profiling:
	ReloadAssembly (2855ms)
		BeginReloadAssembly (83ms)
			ExecutionOrderSort (0ms)
			DisableScriptedObjects (0ms)
			BackupInstance (0ms)
			ReleaseScriptingObjects (0ms)
			CreateAndSetChildDomain (1ms)
		EndReloadAssembly (529ms)
			LoadAssemblies (80ms)
			RebuildTransferFunctionScriptingTraits (0ms)
			SetupTypeCache (184ms)
			ReleaseScriptCaches (0ms)
			RebuildScriptCaches (36ms)
			SetupLoadedEditorAssemblies (213ms)
				LogAssemblyErrors (0ms)
				InitializePlatformSupportModulesInManaged (6ms)
				SetLoadedEditorAssemblies (0ms)
				RefreshPlugins (51ms)
				BeforeProcessingInitializeOnLoad (20ms)
				ProcessInitializeOnLoadAttributes (101ms)
				ProcessInitializeOnLoadMethodAttributes (34ms)
				AfterProcessingInitializeOnLoad (0ms)
				EditorAssembliesLoaded (0ms)
			ExecutionOrderSort2 (0ms)
			AwakeInstancesAfterBackupRestoration (0ms)
Platform modules already initialized, skipping
Registering precompiled user dll's ...
Registered in 0.004580 seconds.
Begin MonoManager ReloadAssembly
Native extension for WindowsStandalone target not found
Refreshing native plugins compatible for Editor in 48.99 ms, found 3 plugins.
Preloading 0 native plugins for Editor in 0.00 ms.
Mono: successfully reloaded assembly
- Completed reload, in  1.781 seconds
Domain Reload Profiling:
	ReloadAssembly (1782ms)
		BeginReloadAssembly (210ms)
			ExecutionOrderSort (0ms)
			DisableScriptedObjects (7ms)
			BackupInstance (0ms)
			ReleaseScriptingObjects (0ms)
			CreateAndSetChildDomain (25ms)
		EndReloadAssembly (1490ms)
			LoadAssemblies (261ms)
			RebuildTransferFunctionScriptingTraits (0ms)
			SetupTypeCache (391ms)
			ReleaseScriptCaches (1ms)
			RebuildScriptCaches (70ms)
			SetupLoadedEditorAssemblies (580ms)
				LogAssemblyErrors (0ms)
				InitializePlatformSupportModulesInManaged (6ms)
				SetLoadedEditorAssemblies (0ms)
				RefreshPlugins (49ms)
				BeforeProcessingInitializeOnLoad (101ms)
				ProcessInitializeOnLoadAttributes (391ms)
				ProcessInitializeOnLoadMethodAttributes (20ms)
				AfterProcessingInitializeOnLoad (11ms)
				EditorAssembliesLoaded (0ms)
			ExecutionOrderSort2 (0ms)
			AwakeInstancesAfterBackupRestoration (8ms)
Platform modules already initialized, skipping
========================================================================
Worker process is ready to serve import requests
Launched and connected shader compiler UnityShaderCompiler.exe after 0.11 seconds
Refreshing native plugins compatible for Editor in 0.58 ms, found 3 plugins.
Preloading 0 native plugins for Editor in 0.00 ms.
Unloading 2091 Unused Serialized files (Serialized files now loaded: 0)
System memory in use before: 93.1 MB.
System memory in use after: 93.2 MB.

Unloading 28 unused Assets to reduce memory usage. Loaded Objects now: 2528.
Total: 4.450300 ms (FindLiveObjects: 0.260700 ms CreateObjectMapping: 0.060300 ms MarkObjects: 4.020900 ms  DeleteObjects: 0.106600 ms)

AssetImportParameters requested are different than current active one (requested -> active):
  custom:framework-win-MediaFoundation: 216162199b28c13a410421893ffa2e32 -> 
  custom:video-decoder-ogg-theora: a1e56fd34408186e4bbccfd4996cb3dc -> 
  custom:container-muxer-webm: aa71ff27fc2769a1b78a27578f13a17b -> 
  custom:container-demuxer-webm: 4f35f7cbe854078d1ac9338744f61a02 -> 
  custom:container-demuxer-ogg: 62fdf1f143b41e24485cea50d1cbac27 -> 
  custom:video-encoder-webm-vp8: eb34c28f22e8b96e1ab97ce403110664 -> 
  custom:video-codec-MediaFoundation-h265: 746d11721c4dcdbdad8f713fa42b33f4 -> 
  custom:video-decoder-webm-vp8: 9c59270c3fd7afecdb556c50c9e8de78 -> 
  custom:audio-decoder-ogg-vorbis: bf7c407c2cedff20999df2af8eb42d56 -> 
  custom:audio-encoder-webm-vorbis: bf7c407c2cedff20999df2af8eb42d56 -> 
========================================================================
Received Import Request.
  path: Assets/Game
  artifactKey: Guid(4730e747dce9a5d40901512d8967cc94) Importer(815301076,1909f56bfc062723c751e8b465ee728b)
Start importing Assets/Game using Guid(4730e747dce9a5d40901512d8967cc94) Importer(815301076,1909f56bfc062723c751e8b465ee728b)  -> (artifact id: '1ee9c1f2887e59e9b6fcb38d46c28c25') in 0.014960 seconds 
  Import took 0.040798 seconds .

========================================================================
Received Import Request.
  Time since last request: 11.453625 seconds.
  path: Assets/Game/BundledAssets
  artifactKey: Guid(1de0983b6531b9e4c8ed9feddc37e793) Importer(815301076,1909f56bfc062723c751e8b465ee728b)
Start importing Assets/Game/BundledAssets using Guid(1de0983b6531b9e4c8ed9feddc37e793) Importer(815301076,1909f56bfc062723c751e8b465ee728b)  -> (artifact id: 'a18cd9514f5dc581c807f89e3681d1c6') in 0.014644 seconds 
  Import took 0.018461 seconds .

========================================================================
Received Import Request.
  Time since last request: 6.591660 seconds.
  path: Assets/Game/BundledAssets/Sprites
  artifactKey: Guid(0718813b7f836044cb9ba51802ae88a4) Importer(815301076,1909f56bfc062723c751e8b465ee728b)
Start importing Assets/Game/BundledAssets/Sprites using Guid(0718813b7f836044cb9ba51802ae88a4) Importer(815301076,1909f56bfc062723c751e8b465ee728b)  -> (artifact id: '02e757062769821ca3d8edb3ee2dfc00') in 0.014620 seconds 
  Import took 0.028153 seconds .

========================================================================
Received Import Request.
  Time since last request: 15.903007 seconds.
  path: Assets/Game/BundledAssets/Sprites/Player
  artifactKey: Guid(a4e6185f8211c7248915af8100ec6c04) Importer(815301076,1909f56bfc062723c751e8b465ee728b)
Start importing Assets/Game/BundledAssets/Sprites/Player using Guid(a4e6185f8211c7248915af8100ec6c04) Importer(815301076,1909f56bfc062723c751e8b465ee728b)  -> (artifact id: '2a66f0ccc793596c2ffbcbc0d95d3bfc') in 0.021163 seconds 
  Import took 0.040609 seconds .

========================================================================
Received Import Request.
  Time since last request: 176.208247 seconds.
  path: Assets/Game/BundledAssets/Sprites/Player/platformerPack_character@2.png
  artifactKey: Guid(f769312a896ea524a93409ae8fb55086) Importer(815301076,1909f56bfc062723c751e8b465ee728b)
Start importing Assets/Game/BundledAssets/Sprites/Player/platformerPack_character@2.png using Guid(f769312a896ea524a93409ae8fb55086) Importer(815301076,1909f56bfc062723c751e8b465ee728b)  -> (artifact id: '89ef988b7c1ad06c2817338835eff05f') in 0.187271 seconds 
  Import took 0.215920 seconds .

========================================================================
Received Import Request.
  Time since last request: 4.858587 seconds.
  path: Assets/Game/BundledAssets/Sprites/Tileset/platformPack_tilesheet@2.png
  artifactKey: Guid(c5712743195b9b54a87f2aa7d5808e9b) Importer(815301076,1909f56bfc062723c751e8b465ee728b)
Start importing Assets/Game/BundledAssets/Sprites/Tileset/platformPack_tilesheet@2.png using Guid(c5712743195b9b54a87f2aa7d5808e9b) Importer(815301076,1909f56bfc062723c751e8b465ee728b)  -> (artifact id: 'c7c812129644c0be3915099f89df215b') in 0.033007 seconds 
  Import took 0.037671 seconds .

========================================================================
Received Import Request.
  Time since last request: 6.580644 seconds.
  path: Assets/Game/BundledAssets/Audio/SFX/confirmation_004.ogg
  artifactKey: Guid(9a305ada875ff5b499e45aeafc3c0c4f) Importer(815301076,1909f56bfc062723c751e8b465ee728b)
Start importing Assets/Game/BundledAssets/Audio/SFX/confirmation_004.ogg using Guid(9a305ada875ff5b499e45aeafc3c0c4f) Importer(815301076,1909f56bfc062723c751e8b465ee728b)  -> (artifact id: 'eba02acd1c4617139a42f17d04228112') in 0.110840 seconds 
  Import took 0.115070 seconds .

========================================================================
Received Import Request.
  Time since last request: 0.000359 seconds.
  path: Assets/Game/BundledAssets/Audio/SFX/phaserUp2.ogg
  artifactKey: Guid(1c9f1253725dfb341bc159344eaf5661) Importer(815301076,1909f56bfc062723c751e8b465ee728b)
Start importing Assets/Game/BundledAssets/Audio/SFX/phaserUp2.ogg using Guid(1c9f1253725dfb341bc159344eaf5661) Importer(815301076,1909f56bfc062723c751e8b465ee728b)  -> (artifact id: '7657efc523b9bfe17c786e03dd95f44f') in 0.030764 seconds 
  Import took 0.036115 seconds .

========================================================================
Received Import Request.
  Time since last request: 59.688470 seconds.
  path: Assets/Game/BundledAssets/Sprites/Player/platformerPack_character@2.png
  artifactKey: Guid(f769312a896ea524a93409ae8fb55086) Importer(815301076,1909f56bfc062723c751e8b465ee728b)
Start importing Assets/Game/BundledAssets/Sprites/Player/platformerPack_character@2.png using Guid(f769312a896ea524a93409ae8fb55086) Importer(815301076,1909f56bfc062723c751e8b465ee728b)  -> (artifact id: 'a7377b187cd6bca208b4c5cf8a0705f5') in 0.035101 seconds 
  Import took 0.041077 seconds .

========================================================================
Received Import Request.
  Time since last request: 32.224251 seconds.
  path: Assets/Game/BundledAssets/Sprites/Player/platformerPack_character@2.png
  artifactKey: Guid(f769312a896ea524a93409ae8fb55086) Importer(815301076,1909f56bfc062723c751e8b465ee728b)
Start importing Assets/Game/BundledAssets/Sprites/Player/platformerPack_character@2.png using Guid(f769312a896ea524a93409ae8fb55086) Importer(815301076,1909f56bfc062723c751e8b465ee728b)  -> (artifact id: 'e6b8ec05f6d57328489e52e0dac60f0d') in 0.080259 seconds 
  Import took 0.085591 seconds .

========================================================================
Received Import Request.
  Time since last request: 12.571400 seconds.
  path: Assets/Game/BundledAssets/Sprites/Tileset/platformPack_tilesheet@2.png
  artifactKey: Guid(c5712743195b9b54a87f2aa7d5808e9b) Importer(815301076,1909f56bfc062723c751e8b465ee728b)
Start importing Assets/Game/BundledAssets/Sprites/Tileset/platformPack_tilesheet@2.png using Guid(c5712743195b9b54a87f2aa7d5808e9b) Importer(815301076,1909f56bfc062723c751e8b465ee728b)  -> (artifact id: '5a3a181fb0d9d72dfb8edc925bcae4f7') in 0.033647 seconds 
  Import took 0.044952 seconds .

========================================================================
Received Import Request.
  Time since last request: 11.284582 seconds.
  path: Assets/Game/BundledAssets/Sprites/Tileset/platformPack_tilesheet@2.png
  artifactKey: Guid(c5712743195b9b54a87f2aa7d5808e9b) Importer(815301076,1909f56bfc062723c751e8b465ee728b)
Start importing Assets/Game/BundledAssets/Sprites/Tileset/platformPack_tilesheet@2.png using Guid(c5712743195b9b54a87f2aa7d5808e9b) Importer(815301076,1909f56bfc062723c751e8b465ee728b)  -> (artifact id: 'c5440e9e57c102631984652ed6b8f711') in 0.479147 seconds 
  Import took 0.484779 seconds .

