Using pre-set license
Built from '2020.3/staging' branch; Version is '2020.3.16f1 (049d6eca3c44) revision 302446'; Using compiler version '192528614'; Build Type 'Release'
OS: 'Windows 10 Home; OS build 22000.168; Version 2009; 64bit' Language: 'en' Physical Memory: 11712 MB
BatchMode: 1, IsHumanControllingUs: 0, StartBugReporterOnCrash: 0, Is64bit: 1, IsPro: 0

 COMMAND LINE ARGUMENTS:
C:\Program Files\Unity\Hub\Editor\2020.3.16f1\Editor\Unity.exe
-adb2
-batchMode
-noUpm
-name
AssetImportWorker0
-projectPath
F:/Bintang/Brawijaya/Agate/Course Project/Endless_Runner
-logFile
Logs/AssetImportWorker0.log
-srvPort
59193
Successfully changed project path to: F:/Bintang/Brawijaya/Agate/Course Project/Endless_Runner
F:/Bintang/Brawijaya/Agate/Course Project/Endless_Runner
Using Asset Import Pipeline V2.
Refreshing native plugins compatible for Editor in 56.31 ms, found 3 plugins.
Preloading 0 native plugins for Editor in 0.00 ms.
Initialize engine version: 2020.3.16f1 (049d6eca3c44)
[Subsystems] Discovering subsystems at path C:/Program Files/Unity/Hub/Editor/2020.3.16f1/Editor/Data/Resources/UnitySubsystems
[Subsystems] Discovering subsystems at path F:/Bintang/Brawijaya/Agate/Course Project/Endless_Runner/Assets
GfxDevice: creating device client; threaded=0
Direct3D:
    Version:  Direct3D 11.0 [level 11.1]
    Renderer: NVIDIA GeForce GTX 1650 (ID=0x1f91)
    Vendor:   
    VRAM:     3962 MB
    Driver:   30.0.14.7196
Initialize mono
Mono path[0] = 'C:/Program Files/Unity/Hub/Editor/2020.3.16f1/Editor/Data/Managed'
Mono path[1] = 'C:/Program Files/Unity/Hub/Editor/2020.3.16f1/Editor/Data/MonoBleedingEdge/lib/mono/unityjit'
Mono config path = 'C:/Program Files/Unity/Hub/Editor/2020.3.16f1/Editor/Data/MonoBleedingEdge/etc'
Using monoOptions --debugger-agent=transport=dt_socket,embedding=1,server=y,suspend=n,address=127.0.0.1:56284
Begin MonoManager ReloadAssembly
Registering precompiled unity dll's ...
Register platform support module: C:/Program Files/Unity/Hub/Editor/2020.3.16f1/Editor/Data/PlaybackEngines/WindowsStandaloneSupport/UnityEditor.WindowsStandalone.Extensions.dll
Registered in 0.003712 seconds.
Native extension for WindowsStandalone target not found
Refreshing native plugins compatible for Editor in 55.62 ms, found 3 plugins.
Preloading 0 native plugins for Editor in 0.00 ms.
Mono: successfully reloaded assembly
- Completed reload, in  2.840 seconds
Domain Reload Profiling:
	ReloadAssembly (2840ms)
		BeginReloadAssembly (77ms)
			ExecutionOrderSort (0ms)
			DisableScriptedObjects (0ms)
			BackupInstance (0ms)
			ReleaseScriptingObjects (0ms)
			CreateAndSetChildDomain (2ms)
		EndReloadAssembly (561ms)
			LoadAssemblies (73ms)
			RebuildTransferFunctionScriptingTraits (0ms)
			SetupTypeCache (196ms)
			ReleaseScriptCaches (0ms)
			RebuildScriptCaches (38ms)
			SetupLoadedEditorAssemblies (231ms)
				LogAssemblyErrors (0ms)
				InitializePlatformSupportModulesInManaged (6ms)
				SetLoadedEditorAssemblies (0ms)
				RefreshPlugins (56ms)
				BeforeProcessingInitializeOnLoad (21ms)
				ProcessInitializeOnLoadAttributes (106ms)
				ProcessInitializeOnLoadMethodAttributes (41ms)
				AfterProcessingInitializeOnLoad (0ms)
				EditorAssembliesLoaded (0ms)
			ExecutionOrderSort2 (0ms)
			AwakeInstancesAfterBackupRestoration (0ms)
Platform modules already initialized, skipping
Registering precompiled user dll's ...
Registered in 0.003570 seconds.
Begin MonoManager ReloadAssembly
Native extension for WindowsStandalone target not found
Refreshing native plugins compatible for Editor in 75.95 ms, found 3 plugins.
Preloading 0 native plugins for Editor in 0.00 ms.
Mono: successfully reloaded assembly
- Completed reload, in  1.698 seconds
Domain Reload Profiling:
	ReloadAssembly (1699ms)
		BeginReloadAssembly (223ms)
			ExecutionOrderSort (0ms)
			DisableScriptedObjects (6ms)
			BackupInstance (0ms)
			ReleaseScriptingObjects (0ms)
			CreateAndSetChildDomain (24ms)
		EndReloadAssembly (1379ms)
			LoadAssemblies (163ms)
			RebuildTransferFunctionScriptingTraits (0ms)
			SetupTypeCache (402ms)
			ReleaseScriptCaches (1ms)
			RebuildScriptCaches (61ms)
			SetupLoadedEditorAssemblies (610ms)
				LogAssemblyErrors (0ms)
				InitializePlatformSupportModulesInManaged (5ms)
				SetLoadedEditorAssemblies (0ms)
				RefreshPlugins (76ms)
				BeforeProcessingInitializeOnLoad (124ms)
				ProcessInitializeOnLoadAttributes (375ms)
				ProcessInitializeOnLoadMethodAttributes (19ms)
				AfterProcessingInitializeOnLoad (11ms)
				EditorAssembliesLoaded (0ms)
			ExecutionOrderSort2 (0ms)
			AwakeInstancesAfterBackupRestoration (9ms)
Platform modules already initialized, skipping
========================================================================
Worker process is ready to serve import requests
Launched and connected shader compiler UnityShaderCompiler.exe after 0.07 seconds
Refreshing native plugins compatible for Editor in 0.55 ms, found 3 plugins.
Preloading 0 native plugins for Editor in 0.00 ms.
Unloading 2096 Unused Serialized files (Serialized files now loaded: 0)
System memory in use before: 93.3 MB.
System memory in use after: 93.4 MB.

Unloading 28 unused Assets to reduce memory usage. Loaded Objects now: 2534.
Total: 4.680300 ms (FindLiveObjects: 0.268000 ms CreateObjectMapping: 0.061200 ms MarkObjects: 4.245600 ms  DeleteObjects: 0.103300 ms)

AssetImportParameters requested are different than current active one (requested -> active):
  custom:framework-win-MediaFoundation: 216162199b28c13a410421893ffa2e32 -> 
  custom:video-decoder-ogg-theora: a1e56fd34408186e4bbccfd4996cb3dc -> 
  custom:container-muxer-webm: aa71ff27fc2769a1b78a27578f13a17b -> 
  custom:container-demuxer-webm: 4f35f7cbe854078d1ac9338744f61a02 -> 
  custom:container-demuxer-ogg: 62fdf1f143b41e24485cea50d1cbac27 -> 
  custom:video-encoder-webm-vp8: eb34c28f22e8b96e1ab97ce403110664 -> 
  custom:video-codec-MediaFoundation-h265: 746d11721c4dcdbdad8f713fa42b33f4 -> 
  custom:video-decoder-webm-vp8: 9c59270c3fd7afecdb556c50c9e8de78 -> 
  custom:audio-decoder-ogg-vorbis: bf7c407c2cedff20999df2af8eb42d56 -> 
  custom:audio-encoder-webm-vorbis: bf7c407c2cedff20999df2af8eb42d56 -> 
========================================================================
Received Import Request.
  path: Assets/Game/BundledAssets/Sprites/Tileset/platformPack_tilesheet@2.png
  artifactKey: Guid(c5712743195b9b54a87f2aa7d5808e9b) Importer(815301076,1909f56bfc062723c751e8b465ee728b)
Start importing Assets/Game/BundledAssets/Sprites/Tileset/platformPack_tilesheet@2.png using Guid(c5712743195b9b54a87f2aa7d5808e9b) Importer(815301076,1909f56bfc062723c751e8b465ee728b)  -> (artifact id: 'c5440e9e57c102631984652ed6b8f711') in 0.531787 seconds 
  Import took 0.536112 seconds .

========================================================================
Received Import Request.
  Time since last request: 1.008489 seconds.
  path: Assets/Game/BundledAssets/Prefabs/Ground/Ground Platform.prefab
  artifactKey: Guid(e8a6bda2fe0243542a996c4a5ec34cbd) Importer(815301076,1909f56bfc062723c751e8b465ee728b)
Start importing Assets/Game/BundledAssets/Prefabs/Ground/Ground Platform.prefab using Guid(e8a6bda2fe0243542a996c4a5ec34cbd) Importer(815301076,1909f56bfc062723c751e8b465ee728b)  -> (artifact id: 'a0dd2bc317efb646d54655884052b343') in 0.053461 seconds 
  Import took 0.058960 seconds .

========================================================================
Received Import Request.
  Time since last request: 0.000396 seconds.
  path: Assets/Game/BundledAssets/Prefabs/Ground/Ground Template 1.prefab
  artifactKey: Guid(0e95a6a9fb834dc48a8f09287968ea71) Importer(815301076,1909f56bfc062723c751e8b465ee728b)
Start importing Assets/Game/BundledAssets/Prefabs/Ground/Ground Template 1.prefab using Guid(0e95a6a9fb834dc48a8f09287968ea71) Importer(815301076,1909f56bfc062723c751e8b465ee728b)  -> (artifact id: 'db07ac6accdee662228e9380bf7b1825') in 0.029216 seconds 
  Import took 0.035952 seconds .

========================================================================
Received Import Request.
  Time since last request: 0.000838 seconds.
  path: Assets/Game/BundledAssets/Prefabs/Ground/Ground Template 2.prefab
  artifactKey: Guid(a20a9f7eebf4b4147915770e68eb811e) Importer(815301076,1909f56bfc062723c751e8b465ee728b)
Start importing Assets/Game/BundledAssets/Prefabs/Ground/Ground Template 2.prefab using Guid(a20a9f7eebf4b4147915770e68eb811e) Importer(815301076,1909f56bfc062723c751e8b465ee728b)  -> (artifact id: 'e79896370540ce862ae5f50e5ef0809e') in 0.020553 seconds 
  Import took 0.027234 seconds .

========================================================================
Received Import Request.
  Time since last request: 0.000445 seconds.
  path: Assets/Game/BundledAssets/Prefabs/Ground/Ground Template 3.prefab
  artifactKey: Guid(3d7ea9d82cfac024aad10c0eaeae2771) Importer(815301076,1909f56bfc062723c751e8b465ee728b)
Start importing Assets/Game/BundledAssets/Prefabs/Ground/Ground Template 3.prefab using Guid(3d7ea9d82cfac024aad10c0eaeae2771) Importer(815301076,1909f56bfc062723c751e8b465ee728b)  -> (artifact id: 'e3ebdd6ae19f9a11045fec08075297ea') in 0.026044 seconds 
  Import took 0.032330 seconds .

========================================================================
Received Import Request.
  Time since last request: 45.296875 seconds.
  path: Assets/Game/BundledAssets/Prefabs/Player/Player.prefab
  artifactKey: Guid(c3745a1b5f38d2a4bb6813b3ca6b7771) Importer(815301076,1909f56bfc062723c751e8b465ee728b)
Start importing Assets/Game/BundledAssets/Prefabs/Player/Player.prefab using Guid(c3745a1b5f38d2a4bb6813b3ca6b7771) Importer(815301076,1909f56bfc062723c751e8b465ee728b)  -> (artifact id: '870eb09fde70337dffbee47d52730af0') in 0.018962 seconds 
  Import took 0.023127 seconds .

========================================================================
Received Import Request.
  Time since last request: 38.338684 seconds.
  path: Assets/Game/BundledAssets/Prefabs/Ground/Ground Template 2.prefab
  artifactKey: Guid(2fc44e1412305a745a7509a00be93c77) Importer(815301076,1909f56bfc062723c751e8b465ee728b)
Start importing Assets/Game/BundledAssets/Prefabs/Ground/Ground Template 2.prefab using Guid(2fc44e1412305a745a7509a00be93c77) Importer(815301076,1909f56bfc062723c751e8b465ee728b)  -> (artifact id: '33c5551e4d041dd3fea768ef4a86d0d2') in 0.028801 seconds 
  Import took 0.033531 seconds .

========================================================================
Received Import Request.
  Time since last request: 1.018399 seconds.
  path: Assets/Game/BundledAssets/Prefabs/Ground/Ground Template 3.prefab
  artifactKey: Guid(d4b9cd8d17b1a4a4d9f84852f8908718) Importer(815301076,1909f56bfc062723c751e8b465ee728b)
Start importing Assets/Game/BundledAssets/Prefabs/Ground/Ground Template 3.prefab using Guid(d4b9cd8d17b1a4a4d9f84852f8908718) Importer(815301076,1909f56bfc062723c751e8b465ee728b)  -> (artifact id: '6a26175aadacf62575b0cc5cb8c80929') in 0.025616 seconds 
  Import took 0.046282 seconds .

========================================================================
Received Import Request.
  Time since last request: 18.638372 seconds.
  path: Assets/Game/BundledAssets/Prefabs/Ground/Ground 3.prefab
  artifactKey: Guid(d4b9cd8d17b1a4a4d9f84852f8908718) Importer(815301076,1909f56bfc062723c751e8b465ee728b)
Start importing Assets/Game/BundledAssets/Prefabs/Ground/Ground 3.prefab using Guid(d4b9cd8d17b1a4a4d9f84852f8908718) Importer(815301076,1909f56bfc062723c751e8b465ee728b)  -> (artifact id: '605f5e0d2dc79de5fc0fd0e892c0220c') in 0.031277 seconds 
  Import took 0.037859 seconds .

========================================================================
Received Import Request.
  Time since last request: 13.215725 seconds.
  path: Assets/Game/BundledAssets/Prefabs/Ground/Ground 2.prefab
  artifactKey: Guid(0e95a6a9fb834dc48a8f09287968ea71) Importer(815301076,1909f56bfc062723c751e8b465ee728b)
Start importing Assets/Game/BundledAssets/Prefabs/Ground/Ground 2.prefab using Guid(0e95a6a9fb834dc48a8f09287968ea71) Importer(815301076,1909f56bfc062723c751e8b465ee728b)  -> (artifact id: '37c90f823c1cfa7650b99407502c9870') in 0.025175 seconds 
  Import took 0.030574 seconds .

========================================================================
Received Import Request.
  Time since last request: 43.055424 seconds.
  path: Assets/Game/BundledAssets/Prefabs/Ground/Ground 1.prefab
  artifactKey: Guid(2fc44e1412305a745a7509a00be93c77) Importer(815301076,1909f56bfc062723c751e8b465ee728b)
Start importing Assets/Game/BundledAssets/Prefabs/Ground/Ground 1.prefab using Guid(2fc44e1412305a745a7509a00be93c77) Importer(815301076,1909f56bfc062723c751e8b465ee728b)  -> (artifact id: '0ace3015aba22932764ad29b2676cb1b') in 0.021927 seconds 
  Import took 0.027451 seconds .

========================================================================
Received Import Request.
  Time since last request: 20.712654 seconds.
  path: Assets/Game/BundledAssets/Sprites/Player/platformerPack_character@2.png
  artifactKey: Guid(f769312a896ea524a93409ae8fb55086) Importer(815301076,1909f56bfc062723c751e8b465ee728b)
Start importing Assets/Game/BundledAssets/Sprites/Player/platformerPack_character@2.png using Guid(f769312a896ea524a93409ae8fb55086) Importer(815301076,1909f56bfc062723c751e8b465ee728b)  -> (artifact id: 'e6b8ec05f6d57328489e52e0dac60f0d') in 0.057811 seconds 
  Import took 0.077193 seconds .

========================================================================
Received Import Request.
  Time since last request: 0.385137 seconds.
  path: Assets/Game/BundledAssets/Prefabs/Ground/Ground 1.prefab
  artifactKey: Guid(2fc44e1412305a745a7509a00be93c77) Importer(815301076,1909f56bfc062723c751e8b465ee728b)
Start importing Assets/Game/BundledAssets/Prefabs/Ground/Ground 1.prefab using Guid(2fc44e1412305a745a7509a00be93c77) Importer(815301076,1909f56bfc062723c751e8b465ee728b)  -> (artifact id: '117b8dce4ffca9f57aeb0d9104cae201') in 0.016849 seconds 
  Import took 0.021648 seconds .

========================================================================
Received Import Request.
  Time since last request: 18.245303 seconds.
  path: Assets/Game/BundledAssets/Prefabs/Ground/Ground 2.prefab
  artifactKey: Guid(0e95a6a9fb834dc48a8f09287968ea71) Importer(815301076,1909f56bfc062723c751e8b465ee728b)
Start importing Assets/Game/BundledAssets/Prefabs/Ground/Ground 2.prefab using Guid(0e95a6a9fb834dc48a8f09287968ea71) Importer(815301076,1909f56bfc062723c751e8b465ee728b)  -> (artifact id: '2a56422f59c48af67b26916ac4d37c5b') in 0.030230 seconds 
  Import took 0.035868 seconds .

========================================================================
Received Import Request.
  Time since last request: 1.417110 seconds.
  path: Assets/Game/BundledAssets/Prefabs/Ground/Ground 2.prefab
  artifactKey: Guid(0e95a6a9fb834dc48a8f09287968ea71) Importer(815301076,1909f56bfc062723c751e8b465ee728b)
Start importing Assets/Game/BundledAssets/Prefabs/Ground/Ground 2.prefab using Guid(0e95a6a9fb834dc48a8f09287968ea71) Importer(815301076,1909f56bfc062723c751e8b465ee728b)  -> (artifact id: 'ea9223e2cbfabcdbb2209f34134da8bd') in 0.030666 seconds 
  Import took 0.036855 seconds .

========================================================================
Received Import Request.
  Time since last request: 11.019104 seconds.
  path: Assets/Game/BundledAssets/Prefabs/Ground/Ground 2.prefab
  artifactKey: Guid(0e95a6a9fb834dc48a8f09287968ea71) Importer(815301076,1909f56bfc062723c751e8b465ee728b)
Start importing Assets/Game/BundledAssets/Prefabs/Ground/Ground 2.prefab using Guid(0e95a6a9fb834dc48a8f09287968ea71) Importer(815301076,1909f56bfc062723c751e8b465ee728b)  -> (artifact id: 'f74be4f0a5e7c688a4263d27d173b228') in 0.025618 seconds 
  Import took 0.030221 seconds .

========================================================================
Received Import Request.
  Time since last request: 1.182132 seconds.
  path: Assets/Game/BundledAssets/Prefabs/Ground/Ground 2.prefab
  artifactKey: Guid(0e95a6a9fb834dc48a8f09287968ea71) Importer(815301076,1909f56bfc062723c751e8b465ee728b)
Start importing Assets/Game/BundledAssets/Prefabs/Ground/Ground 2.prefab using Guid(0e95a6a9fb834dc48a8f09287968ea71) Importer(815301076,1909f56bfc062723c751e8b465ee728b)  -> (artifact id: 'a7f0df9a446de90b5eb315d9c55c3e2f') in 0.032558 seconds 
  Import took 0.038711 seconds .

========================================================================
Received Import Request.
  Time since last request: 0.776089 seconds.
  path: Assets/Game/BundledAssets/Prefabs/Ground/Ground 2.prefab
  artifactKey: Guid(0e95a6a9fb834dc48a8f09287968ea71) Importer(815301076,1909f56bfc062723c751e8b465ee728b)
Start importing Assets/Game/BundledAssets/Prefabs/Ground/Ground 2.prefab using Guid(0e95a6a9fb834dc48a8f09287968ea71) Importer(815301076,1909f56bfc062723c751e8b465ee728b)  -> (artifact id: '4083a3854b0a51e2eb4d7f707ad5fab6') in 0.024726 seconds 
  Import took 0.030069 seconds .

========================================================================
Received Import Request.
  Time since last request: 6.971444 seconds.
  path: Assets/Game/BundledAssets/Prefabs/Ground/Ground 2.prefab
  artifactKey: Guid(0e95a6a9fb834dc48a8f09287968ea71) Importer(815301076,1909f56bfc062723c751e8b465ee728b)
Start importing Assets/Game/BundledAssets/Prefabs/Ground/Ground 2.prefab using Guid(0e95a6a9fb834dc48a8f09287968ea71) Importer(815301076,1909f56bfc062723c751e8b465ee728b)  -> (artifact id: '5e2433036ee6bcaaa2c5970013693124') in 0.022039 seconds 
  Import took 0.028634 seconds .

========================================================================
Received Import Request.
  Time since last request: 9.724976 seconds.
  path: Assets/Game/BundledAssets/Prefabs/Ground/Ground 1.prefab
  artifactKey: Guid(2fc44e1412305a745a7509a00be93c77) Importer(815301076,1909f56bfc062723c751e8b465ee728b)
Start importing Assets/Game/BundledAssets/Prefabs/Ground/Ground 1.prefab using Guid(2fc44e1412305a745a7509a00be93c77) Importer(815301076,1909f56bfc062723c751e8b465ee728b)  -> (artifact id: '2260beb7143c4b1a85baf7398e06f472') in 0.025968 seconds 
  Import took 0.031192 seconds .

========================================================================
Received Import Request.
  Time since last request: 1.448927 seconds.
  path: Assets/Game/BundledAssets/Prefabs/Ground/Ground 1.prefab
  artifactKey: Guid(2fc44e1412305a745a7509a00be93c77) Importer(815301076,1909f56bfc062723c751e8b465ee728b)
Start importing Assets/Game/BundledAssets/Prefabs/Ground/Ground 1.prefab using Guid(2fc44e1412305a745a7509a00be93c77) Importer(815301076,1909f56bfc062723c751e8b465ee728b)  -> (artifact id: '0aa2adc0a5a749f5e2a182ec5e7669fa') in 0.033192 seconds 
  Import took 0.044432 seconds .

========================================================================
Received Import Request.
  Time since last request: 6.269638 seconds.
  path: Assets/Game/BundledAssets/Prefabs/Ground/Ground 1.prefab
  artifactKey: Guid(2fc44e1412305a745a7509a00be93c77) Importer(815301076,1909f56bfc062723c751e8b465ee728b)
Start importing Assets/Game/BundledAssets/Prefabs/Ground/Ground 1.prefab using Guid(2fc44e1412305a745a7509a00be93c77) Importer(815301076,1909f56bfc062723c751e8b465ee728b)  -> (artifact id: 'cb1fa9c7c31087f7cb8dff19f3a30c77') in 0.029478 seconds 
  Import took 0.034328 seconds .

========================================================================
Received Import Request.
  Time since last request: 16.626321 seconds.
  path: Assets/Game/BundledAssets/Prefabs/Ground/Ground 2.prefab
  artifactKey: Guid(0e95a6a9fb834dc48a8f09287968ea71) Importer(815301076,1909f56bfc062723c751e8b465ee728b)
Start importing Assets/Game/BundledAssets/Prefabs/Ground/Ground 2.prefab using Guid(0e95a6a9fb834dc48a8f09287968ea71) Importer(815301076,1909f56bfc062723c751e8b465ee728b)  -> (artifact id: '39d7516d530e4f844b8a4d21bdfdad99') in 0.024910 seconds 
  Import took 0.030198 seconds .

========================================================================
Received Import Request.
  Time since last request: 12.137419 seconds.
  path: Assets/Game/BundledAssets/Prefabs/Ground/Ground 3.prefab
  artifactKey: Guid(d4b9cd8d17b1a4a4d9f84852f8908718) Importer(815301076,1909f56bfc062723c751e8b465ee728b)
Start importing Assets/Game/BundledAssets/Prefabs/Ground/Ground 3.prefab using Guid(d4b9cd8d17b1a4a4d9f84852f8908718) Importer(815301076,1909f56bfc062723c751e8b465ee728b)  -> (artifact id: '1c694d9bf3b5c8cebc11ce0a3528db9c') in 0.025991 seconds 
  Import took 0.030424 seconds .

========================================================================
Received Import Request.
  Time since last request: 1.505030 seconds.
  path: Assets/Game/BundledAssets/Prefabs/Ground/Ground 3.prefab
  artifactKey: Guid(d4b9cd8d17b1a4a4d9f84852f8908718) Importer(815301076,1909f56bfc062723c751e8b465ee728b)
Start importing Assets/Game/BundledAssets/Prefabs/Ground/Ground 3.prefab using Guid(d4b9cd8d17b1a4a4d9f84852f8908718) Importer(815301076,1909f56bfc062723c751e8b465ee728b)  -> (artifact id: '0c21c85b063043abf3710ba4fb7223fc') in 0.028070 seconds 
  Import took 0.032567 seconds .

========================================================================
Received Import Request.
  Time since last request: 10.780163 seconds.
  path: Assets/Game/BundledAssets/Prefabs/Ground/Ground 3.prefab
  artifactKey: Guid(d4b9cd8d17b1a4a4d9f84852f8908718) Importer(815301076,1909f56bfc062723c751e8b465ee728b)
Start importing Assets/Game/BundledAssets/Prefabs/Ground/Ground 3.prefab using Guid(d4b9cd8d17b1a4a4d9f84852f8908718) Importer(815301076,1909f56bfc062723c751e8b465ee728b)  -> (artifact id: '38f492e0ea3c520f4af2dfe2fc40ab15') in 0.023396 seconds 
  Import took 0.028998 seconds .

========================================================================
Received Import Request.
  Time since last request: 17.120740 seconds.
  path: Assets/Game/BundledAssets/Prefabs/Ground/Ground 3.prefab
  artifactKey: Guid(d4b9cd8d17b1a4a4d9f84852f8908718) Importer(815301076,1909f56bfc062723c751e8b465ee728b)
Start importing Assets/Game/BundledAssets/Prefabs/Ground/Ground 3.prefab using Guid(d4b9cd8d17b1a4a4d9f84852f8908718) Importer(815301076,1909f56bfc062723c751e8b465ee728b)  -> (artifact id: '99dac18113c253d07d1893720753f325') in 0.023981 seconds 
  Import took 0.028779 seconds .

========================================================================
Received Import Request.
  Time since last request: 4.812707 seconds.
  path: Assets/Game/BundledAssets/Physics/Environment/Ground Physics.physicsMaterial2D
  artifactKey: Guid(614d0ef4ce0d8fa429b2456d4797f480) Importer(815301076,1909f56bfc062723c751e8b465ee728b)
Start importing Assets/Game/BundledAssets/Physics/Environment/Ground Physics.physicsMaterial2D using Guid(614d0ef4ce0d8fa429b2456d4797f480) Importer(815301076,1909f56bfc062723c751e8b465ee728b)  -> (artifact id: 'e5ea899f1a172b716cc1c1a5954c4b27') in 0.011184 seconds 
  Import took 0.015400 seconds .

========================================================================
Received Import Request.
  Time since last request: 0.000322 seconds.
  path: Assets/Game/BundledAssets/Physics/Player/Player Physics.physicsMaterial2D
  artifactKey: Guid(f388763e29c50d14d90548b1dd27ae91) Importer(815301076,1909f56bfc062723c751e8b465ee728b)
Start importing Assets/Game/BundledAssets/Physics/Player/Player Physics.physicsMaterial2D using Guid(f388763e29c50d14d90548b1dd27ae91) Importer(815301076,1909f56bfc062723c751e8b465ee728b)  -> (artifact id: '25cc181c59e3040ee0e8247dcc633c7f') in 0.003681 seconds 
  Import took 0.007711 seconds .

========================================================================
Received Import Request.
  Time since last request: 0.012110 seconds.
  path: Assets/Game/BundledAssets/Physics/Environment/Ground Physics.physicsMaterial2D
  artifactKey: Guid(614d0ef4ce0d8fa429b2456d4797f480) Importer(815301076,1909f56bfc062723c751e8b465ee728b)
Start importing Assets/Game/BundledAssets/Physics/Environment/Ground Physics.physicsMaterial2D using Guid(614d0ef4ce0d8fa429b2456d4797f480) Importer(815301076,1909f56bfc062723c751e8b465ee728b)  -> (artifact id: 'e5ea899f1a172b716cc1c1a5954c4b27') in 0.005835 seconds 
  Import took 0.010683 seconds .

========================================================================
Received Import Request.
  Time since last request: 0.913095 seconds.
  path: Assets/Game/BundledAssets/Prefabs/Ground/Ground 3.prefab
  artifactKey: Guid(d4b9cd8d17b1a4a4d9f84852f8908718) Importer(815301076,1909f56bfc062723c751e8b465ee728b)
Start importing Assets/Game/BundledAssets/Prefabs/Ground/Ground 3.prefab using Guid(d4b9cd8d17b1a4a4d9f84852f8908718) Importer(815301076,1909f56bfc062723c751e8b465ee728b)  -> (artifact id: '3c4e64e9c58a1484ec8581f4a788bccf') in 0.024019 seconds 
  Import took 0.028754 seconds .

========================================================================
Received Import Request.
  Time since last request: 12.217303 seconds.
  path: Assets/Game/BundledAssets/Prefabs/Ground/Ground 2.prefab
  artifactKey: Guid(0e95a6a9fb834dc48a8f09287968ea71) Importer(815301076,1909f56bfc062723c751e8b465ee728b)
Start importing Assets/Game/BundledAssets/Prefabs/Ground/Ground 2.prefab using Guid(0e95a6a9fb834dc48a8f09287968ea71) Importer(815301076,1909f56bfc062723c751e8b465ee728b)  -> (artifact id: 'dab007f59d81b1c06d5124a07b735bf6') in 0.024623 seconds 
  Import took 0.029100 seconds .

========================================================================
Received Import Request.
  Time since last request: 2.893648 seconds.
  path: Assets/Game/BundledAssets/Prefabs/Ground/Ground 1.prefab
  artifactKey: Guid(2fc44e1412305a745a7509a00be93c77) Importer(815301076,1909f56bfc062723c751e8b465ee728b)
Start importing Assets/Game/BundledAssets/Prefabs/Ground/Ground 1.prefab using Guid(2fc44e1412305a745a7509a00be93c77) Importer(815301076,1909f56bfc062723c751e8b465ee728b)  -> (artifact id: 'd5efd6e89e4e568b4935acc2cf572c2f') in 0.025295 seconds 
  Import took 0.030877 seconds .

========================================================================
Received Prepare
Registering precompiled user dll's ...
Registered in 0.005259 seconds.
Begin MonoManager ReloadAssembly
Native extension for WindowsStandalone target not found
Refreshing native plugins compatible for Editor in 0.70 ms, found 3 plugins.
Preloading 0 native plugins for Editor in 0.00 ms.
Mono: successfully reloaded assembly
- Completed reload, in  1.578 seconds
Domain Reload Profiling:
	ReloadAssembly (1579ms)
		BeginReloadAssembly (191ms)
			ExecutionOrderSort (0ms)
			DisableScriptedObjects (13ms)
			BackupInstance (0ms)
			ReleaseScriptingObjects (0ms)
			CreateAndSetChildDomain (54ms)
		EndReloadAssembly (1307ms)
			LoadAssemblies (135ms)
			RebuildTransferFunctionScriptingTraits (0ms)
			SetupTypeCache (405ms)
			ReleaseScriptCaches (2ms)
			RebuildScriptCaches (59ms)
			SetupLoadedEditorAssemblies (576ms)
				LogAssemblyErrors (0ms)
				InitializePlatformSupportModulesInManaged (8ms)
				SetLoadedEditorAssemblies (1ms)
				RefreshPlugins (1ms)
				BeforeProcessingInitializeOnLoad (135ms)
				ProcessInitializeOnLoadAttributes (414ms)
				ProcessInitializeOnLoadMethodAttributes (7ms)
				AfterProcessingInitializeOnLoad (10ms)
				EditorAssembliesLoaded (0ms)
			ExecutionOrderSort2 (0ms)
			AwakeInstancesAfterBackupRestoration (17ms)
Platform modules already initialized, skipping
Refreshing native plugins compatible for Editor in 0.59 ms, found 3 plugins.
Preloading 0 native plugins for Editor in 0.00 ms.
Unloading 2086 Unused Serialized files (Serialized files now loaded: 0)
System memory in use before: 95.8 MB.
System memory in use after: 95.9 MB.

Unloading 16 unused Assets to reduce memory usage. Loaded Objects now: 2547.
Total: 4.248000 ms (FindLiveObjects: 0.262400 ms CreateObjectMapping: 0.051500 ms MarkObjects: 3.895300 ms  DeleteObjects: 0.037000 ms)

AssetImportParameters requested are different than current active one (requested -> active):
  custom:framework-win-MediaFoundation: 216162199b28c13a410421893ffa2e32 -> 
  custom:video-decoder-ogg-theora: a1e56fd34408186e4bbccfd4996cb3dc -> 
  custom:container-muxer-webm: aa71ff27fc2769a1b78a27578f13a17b -> 
  custom:container-demuxer-webm: 4f35f7cbe854078d1ac9338744f61a02 -> 
  custom:container-demuxer-ogg: 62fdf1f143b41e24485cea50d1cbac27 -> 
  custom:video-encoder-webm-vp8: eb34c28f22e8b96e1ab97ce403110664 -> 
  custom:video-codec-MediaFoundation-h265: 746d11721c4dcdbdad8f713fa42b33f4 -> 
  custom:video-decoder-webm-vp8: 9c59270c3fd7afecdb556c50c9e8de78 -> 
  custom:audio-decoder-ogg-vorbis: bf7c407c2cedff20999df2af8eb42d56 -> 
  custom:audio-encoder-webm-vorbis: bf7c407c2cedff20999df2af8eb42d56 -> 
========================================================================
Received Import Request.
  Time since last request: 201.065501 seconds.
  path: Assets/Game/BundledAssets/Prefabs/Ground/Ground 1.prefab
  artifactKey: Guid(2fc44e1412305a745a7509a00be93c77) Importer(815301076,1909f56bfc062723c751e8b465ee728b)
Start importing Assets/Game/BundledAssets/Prefabs/Ground/Ground 1.prefab using Guid(2fc44e1412305a745a7509a00be93c77) Importer(815301076,1909f56bfc062723c751e8b465ee728b)  -> (artifact id: '5c398afa9dcce6e735196f8f975b13c9') in 0.119468 seconds 
  Import took 0.125259 seconds .

========================================================================
Received Import Request.
  Time since last request: 3.654387 seconds.
  path: Assets/Game/BundledAssets/Prefabs/Ground/Ground 2.prefab
  artifactKey: Guid(0e95a6a9fb834dc48a8f09287968ea71) Importer(815301076,1909f56bfc062723c751e8b465ee728b)
Start importing Assets/Game/BundledAssets/Prefabs/Ground/Ground 2.prefab using Guid(0e95a6a9fb834dc48a8f09287968ea71) Importer(815301076,1909f56bfc062723c751e8b465ee728b)  -> (artifact id: '1d697d87e6cab55dec64785f3b2607ca') in 0.029022 seconds 
  Import took 0.033932 seconds .

========================================================================
Received Import Request.
  Time since last request: 3.772290 seconds.
  path: Assets/Game/BundledAssets/Prefabs/Ground/Ground 3.prefab
  artifactKey: Guid(d4b9cd8d17b1a4a4d9f84852f8908718) Importer(815301076,1909f56bfc062723c751e8b465ee728b)
Start importing Assets/Game/BundledAssets/Prefabs/Ground/Ground 3.prefab using Guid(d4b9cd8d17b1a4a4d9f84852f8908718) Importer(815301076,1909f56bfc062723c751e8b465ee728b)  -> (artifact id: '13e9f8d2fa6d839fecc4149cca1921bf') in 0.028192 seconds 
  Import took 0.033505 seconds .

